#-----------------------------------------------------------
# Vivado v2018.3 (64-bit)
# SW Build 2405991 on Thu Dec  6 23:36:41 MST 2018
# IP Build 2404404 on Fri Dec  7 01:43:56 MST 2018
# Start of session at: Thu Nov  5 16:36:13 2020
# Process ID: 320679
# Current directory: /home/ukallakuri/hardware_design/designs/manchester_tx_rx
# Command line: vivado
# Log file: /home/ukallakuri/hardware_design/designs/manchester_tx_rx/vivado.log
# Journal file: /home/ukallakuri/hardware_design/designs/manchester_tx_rx/vivado.jou
#-----------------------------------------------------------
start_gui
open_project /home/ukallakuri/hardware_design/designs/manchester_tx_rx/manchester_tx_behavioural/manchester_tx_behavioural.xpr
Scanning sources...
Finished scanning sources
INFO: [IP_Flow 19-234] Refreshing IP repositories
INFO: [IP_Flow 19-1704] No user IP repositories specified
INFO: [IP_Flow 19-2313] Loaded Vivado IP repository '/tools/Xilinx/Vivado/2018.3/data/ip'.
open_project: Time (s): cpu = 00:00:12 ; elapsed = 00:00:05 . Memory (MB): peak = 6320.938 ; gain = 60.105 ; free physical = 171 ; free virtual = 3006
exit
INFO: [Common 17-206] Exiting Vivado at Thu Nov  5 17:40:46 2020...
