Vivado Simulator 2018.3
Copyright 1986-1999, 2001-2018 Xilinx, Inc. All Rights Reserved.
Running: /tools/Xilinx/Vivado/2018.3/bin/unwrapped/lnx64.o/xelab -wto 406dea0543924cd9a0e2ad05d51230f4 --incr --debug typical --relax --mt 8 -L xil_defaultlib -L unisims_ver -L secureip --snapshot manchester_tx_top_tb_func_synth xil_defaultlib.manchester_tx_top_tb xil_defaultlib.glbl -log elaborate.log 
Using 8 slave threads.
Starting static elaboration
Completed static elaboration
Starting simulation data flow analysis
Completed simulation data flow analysis
Time Resolution for simulation is 1ps
Compiling module unisims_ver.LUT4
Compiling module unisims_ver.FDRE_default
Compiling module unisims_ver.BUFG
Compiling module unisims_ver.IBUF
Compiling module unisims_ver.OBUF
Compiling module unisims_ver.RAM32M(INIT_A=64'b01110010011100...
Compiling module unisims_ver.RAM32M
Compiling module unisims_ver.x_lut2_mux4
Compiling module unisims_ver.LUT2
Compiling module xil_defaultlib.ram_dp__sim_par
Compiling module unisims_ver.x_lut3_mux8
Compiling module unisims_ver.LUT3
Compiling module unisims_ver.LUT5
Compiling module unisims_ver.LUT6
Compiling module xil_defaultlib.manchester_tx_m
Compiling module xil_defaultlib.manchester_tx_top
Compiling module xil_defaultlib.manchester_tx_top_tb
Compiling module xil_defaultlib.glbl
Built simulation snapshot manchester_tx_top_tb_func_synth
