Vivado Simulator 2018.3
Copyright 1986-1999, 2001-2018 Xilinx, Inc. All Rights Reserved.
Running: /tools/Xilinx/Vivado/2018.3/bin/unwrapped/lnx64.o/xelab -wto fc1d1eca286b4b7dae1b8c9949dd8041 --incr --debug typical --relax --mt 8 -L xil_defaultlib -L unisims_ver -L secureip --snapshot manchester_top_tb_func_impl xil_defaultlib.manchester_top_tb xil_defaultlib.glbl -log elaborate.log 
Using 8 slave threads.
Starting static elaboration
Completed static elaboration
Starting simulation data flow analysis
Completed simulation data flow analysis
Time Resolution for simulation is 1ps
Compiling module unisims_ver.LUT4
Compiling module unisims_ver.x_lut3_mux8
Compiling module unisims_ver.LUT3
Compiling module unisims_ver.FDRE_default
Compiling module unisims_ver.LUT5
Compiling module unisims_ver.RAM32M
Compiling module unisims_ver.x_lut2_mux4
Compiling module unisims_ver.LUT2
Compiling module xil_defaultlib.ram_dp__sim_par__parameterized0
Compiling module unisims_ver.x_lut1_mux2
Compiling module unisims_ver.LUT1
Compiling module unisims_ver.LUT6
Compiling module xil_defaultlib.manchester_rx_m
Compiling module xil_defaultlib.manchester_rx_top
Compiling module unisims_ver.FDSE_default
Compiling module unisims_ver.CARRY4
Compiling module xil_defaultlib.uart_txm_ex
Compiling module xil_defaultlib.uart_tx_wrapper
Compiling module xil_defaultlib.Manchester_rx_uart_top
Compiling module unisims_ver.RAM32M(INIT_A=64'b01110010011100...
Compiling module xil_defaultlib.ram_dp__sim_par
Compiling module xil_defaultlib.manchester_tx_m
Compiling module xil_defaultlib.manchester_tx_top
Compiling module unisims_ver.BUFG
Compiling module unisims_ver.IBUF
Compiling module unisims_ver.OBUF
Compiling module xil_defaultlib.manchester_top
Compiling module xil_defaultlib.manchester_top_tb
Compiling module xil_defaultlib.glbl
Built simulation snapshot manchester_top_tb_func_impl
